# JRE version: OpenJDK Runtime Environment Temurin-21.0.6+7 (21.0.6+7) (build 21.0.6+7-LTS)
# Java VM: OpenJDK 64-Bit Server VM Temurin-21.0.6+7 (21.0.6+7-LTS, mixed mode, sharing, tiered, compressed oops, compressed class ptrs, parallel gc, windows-amd64)
GC Precious Log:
 CardTable entry size: 512
 CPUs: 12 total, 12 available
 Memory: 7583M
 Large Page Support: Disabled
 NUMA Support: Disabled
 Compressed Oops: Enabled (32-bit)
 Alignments: Space 512K, Generation 512K, Heap 2M
 Heap Min Capacity: 100M
 Heap Initial Capacity: 100M
 Heap Max Capacity: 1G
 Pre-touch: Disabled
 Parallel Workers: 10
Heap:
 PSYoungGen      total 5632K, used 5233K [0x00000000eab00000, 0x00000000eb200000, 0x0000000100000000)
  eden space 4096K, 100% used [0x00000000eab00000,0x00000000eaf00000,0x00000000eaf00000)
  from space 1536K, 74% used [0x00000000eb080000,0x00000000eb19c568,0x00000000eb200000)
  to   space 1536K, 56% used [0x00000000eaf00000,0x00000000eafd77f8,0x00000000eb080000)
 ParOldGen       total 195072K, used 195070K [0x00000000c0000000, 0x00000000cbe80000, 0x00000000eab00000)
  object space 195072K, 99% used [0x00000000c0000000,0x00000000cbe7fb60,0x00000000cbe80000)
 Metaspace       used 58145K, committed 59456K, reserved 1114112K
  class space    used 6056K, committed 6592K, reserved 1048576K
GC Heap History (20 events):
Event: 21.043 GC heap after
{Heap after GC invocations=161 (full 2):
 PSYoungGen      total 5632K, used 1071K [0x00000000eab00000, 0x00000000eb200000, 0x0000000100000000)
  eden space 4096K, 0% used [0x00000000eab00000,0x00000000eab00000,0x00000000eaf00000)
  from space 1536K, 69% used [0x00000000eaf00000,0x00000000eb00be58,0x00000000eb080000)
  to   space 1536K, 0% used [0x00000000eb080000,0x00000000eb080000,0x00000000eb200000)
 ParOldGen       total 183808K, used 183457K [0x00000000c0000000, 0x00000000cb380000, 0x00000000eab00000)
  object space 183808K, 99% used [0x00000000c0000000,0x00000000cb328430,0x00000000cb380000)
 Metaspace       used 56643K, committed 57920K, reserved 1114112K
  class space    used 5906K, committed 6464K, reserved 1048576K
}
Event: 21.084 GC heap before
{Heap before GC invocations=162 (full 2):
 PSYoungGen      total 5632K, used 5167K [0x00000000eab00000, 0x00000000eb200000, 0x0000000100000000)
  eden space 4096K, 100% used [0x00000000eab00000,0x00000000eaf00000,0x00000000eaf00000)
  from space 1536K, 69% used [0x00000000eaf00000,0x00000000eb00be58,0x00000000eb080000)
  to   space 1536K, 0% used [0x00000000eb080000,0x00000000eb080000,0x00000000eb200000)
 ParOldGen       total 183808K, used 183457K [0x00000000c0000000, 0x00000000cb380000, 0x00000000eab00000)
  object space 183808K, 99% used [0x00000000c0000000,0x00000000cb328430,0x00000000cb380000)
 Metaspace       used 56705K, committed 57984K, reserved 1114112K
  class space    used 5911K, committed 6464K, reserved 1048576K
}
Event: 21.086 GC heap after
{Heap after GC invocations=162 (full 2):
 PSYoungGen      total 5632K, used 1093K [0x00000000eab00000, 0x00000000eb200000, 0x0000000100000000)
  eden space 4096K, 0% used [0x00000000eab00000,0x00000000eab00000,0x00000000eaf00000)
  from space 1536K, 71% used [0x00000000eb080000,0x00000000eb191748,0x00000000eb200000)
  to   space 1536K, 0% used [0x00000000eaf00000,0x00000000eaf00000,0x00000000eb080000)
 ParOldGen       total 184832K, used 184345K [0x00000000c0000000, 0x00000000cb480000, 0x00000000eab00000)
  object space 184832K, 99% used [0x00000000c0000000,0x00000000cb4065f8,0x00000000cb480000)
 Metaspace       used 56705K, committed 57984K, reserved 1114112K
  class space    used 5911K, committed 6464K, reserved 1048576K
}
Event: 21.105 GC heap before
{Heap before GC invocations=163 (full 2):
 PSYoungGen      total 5632K, used 5189K [0x00000000eab00000, 0x00000000eb200000, 0x0000000100000000)
  eden space 4096K, 100% used [0x00000000eab00000,0x00000000eaf00000,0x00000000eaf00000)
  from space 1536K, 71% used [0x00000000eb080000,0x00000000eb191748,0x00000000eb200000)
  to   space 1536K, 0% used [0x00000000eaf00000,0x00000000eaf00000,0x00000000eb080000)
 ParOldGen       total 184832K, used 184345K [0x00000000c0000000, 0x00000000cb480000, 0x00000000eab00000)
  object space 184832K, 99% used [0x00000000c0000000,0x00000000cb4065f8,0x00000000cb480000)
 Metaspace       used 56744K, committed 57984K, reserved 1114112K
  class space    used 5916K, committed 6464K, reserved 1048576K
}
Event: 21.107 GC heap after
{Heap after GC invocations=163 (full 2):
 PSYoungGen      total 5632K, used 1117K [0x00000000eab00000, 0x00000000eb200000, 0x0000000100000000)
  eden space 4096K, 0% used [0x00000000eab00000,0x00000000eab00000,0x00000000eaf00000)
  from space 1536K, 72% used [0x00000000eaf00000,0x00000000eb017408,0x00000000eb080000)
  to   space 1536K, 0% used [0x00000000eb080000,0x00000000eb080000,0x00000000eb200000)
 ParOldGen       total 185856K, used 185352K [0x00000000c0000000, 0x00000000cb580000, 0x00000000eab00000)
  object space 185856K, 99% used [0x00000000c0000000,0x00000000cb502210,0x00000000cb580000)
 Metaspace       used 56744K, committed 57984K, reserved 1114112K
  class space    used 5916K, committed 6464K, reserved 1048576K
}
Event: 21.124 GC heap before
{Heap before GC invocations=164 (full 2):
 PSYoungGen      total 5632K, used 5213K [0x00000000eab00000, 0x00000000eb200000, 0x0000000100000000)
  eden space 4096K, 100% used [0x00000000eab00000,0x00000000eaf00000,0x00000000eaf00000)
  from space 1536K, 72% used [0x00000000eaf00000,0x00000000eb017408,0x00000000eb080000)
  to   space 1536K, 0% used [0x00000000eb080000,0x00000000eb080000,0x00000000eb200000)
 ParOldGen       total 185856K, used 185352K [0x00000000c0000000, 0x00000000cb580000, 0x00000000eab00000)
  object space 185856K, 99% used [0x00000000c0000000,0x00000000cb502210,0x00000000cb580000)
 Metaspace       used 56817K, committed 58048K, reserved 1114112K
  class space    used 5929K, committed 6464K, reserved 1048576K
}
Event: 21.127 GC heap after
{Heap after GC invocations=164 (full 2):
 PSYoungGen      total 5632K, used 1017K [0x00000000eab00000, 0x00000000eb200000, 0x0000000100000000)
  eden space 4096K, 0% used [0x00000000eab00000,0x00000000eab00000,0x00000000eaf00000)
  from space 1536K, 66% used [0x00000000eb080000,0x00000000eb17e758,0x00000000eb200000)
  to   space 1536K, 0% used [0x00000000eaf00000,0x00000000eaf00000,0x00000000eb080000)
 ParOldGen       total 186368K, used 186314K [0x00000000c0000000, 0x00000000cb600000, 0x00000000eab00000)
  object space 186368K, 99% used [0x00000000c0000000,0x00000000cb5f2a10,0x00000000cb600000)
 Metaspace       used 56817K, committed 58048K, reserved 1114112K
  class space    used 5929K, committed 6464K, reserved 1048576K
}
Event: 21.150 GC heap before
{Heap before GC invocations=165 (full 2):
 PSYoungGen      total 5632K, used 5113K [0x00000000eab00000, 0x00000000eb200000, 0x0000000100000000)
  eden space 4096K, 100% used [0x00000000eab00000,0x00000000eaf00000,0x00000000eaf00000)
  from space 1536K, 66% used [0x00000000eb080000,0x00000000eb17e758,0x00000000eb200000)
  to   space 1536K, 0% used [0x00000000eaf00000,0x00000000eaf00000,0x00000000eb080000)
 ParOldGen       total 186368K, used 186314K [0x00000000c0000000, 0x00000000cb600000, 0x00000000eab00000)
  object space 186368K, 99% used [0x00000000c0000000,0x00000000cb5f2a10,0x00000000cb600000)
 Metaspace       used 57020K, committed 58240K, reserved 1114112K
  class space    used 5941K, committed 6464K, reserved 1048576K
}
Event: 21.152 GC heap after
{Heap after GC invocations=165 (full 2):
 PSYoungGen      total 5120K, used 928K [0x00000000eab00000, 0x00000000eb100000, 0x0000000100000000)
  eden space 4096K, 0% used [0x00000000eab00000,0x00000000eab00000,0x00000000eaf00000)
  from space 1024K, 90% used [0x00000000eaf00000,0x00000000eafe8168,0x00000000eb000000)
  to   space 1024K, 0% used [0x00000000eb000000,0x00000000eb000000,0x00000000eb100000)
 ParOldGen       total 187392K, used 187179K [0x00000000c0000000, 0x00000000cb700000, 0x00000000eab00000)
  object space 187392K, 99% used [0x00000000c0000000,0x00000000cb6cac98,0x00000000cb700000)
 Metaspace       used 57020K, committed 58240K, reserved 1114112K
  class space    used 5941K, committed 6464K, reserved 1048576K
}
Event: 21.171 GC heap before
{Heap before GC invocations=166 (full 2):
 PSYoungGen      total 5120K, used 5024K [0x00000000eab00000, 0x00000000eb100000, 0x0000000100000000)
  eden space 4096K, 100% used [0x00000000eab00000,0x00000000eaf00000,0x00000000eaf00000)
  from space 1024K, 90% used [0x00000000eaf00000,0x00000000eafe8168,0x00000000eb000000)
  to   space 1024K, 0% used [0x00000000eb000000,0x00000000eb000000,0x00000000eb100000)
 ParOldGen       total 187392K, used 187179K [0x00000000c0000000, 0x00000000cb700000, 0x00000000eab00000)
  object space 187392K, 99% used [0x00000000c0000000,0x00000000cb6cac98,0x00000000cb700000)
 Metaspace       used 57262K, committed 58560K, reserved 1114112K
  class space    used 5968K, committed 6528K, reserved 1048576K
}
Event: 21.173 GC heap after
{Heap after GC invocations=166 (full 2):
 PSYoungGen      total 5120K, used 870K [0x00000000eab00000, 0x00000000eb100000, 0x0000000100000000)
  eden space 4096K, 0% used [0x00000000eab00000,0x00000000eab00000,0x00000000eaf00000)
  from space 1024K, 85% used [0x00000000eb000000,0x00000000eb0d9b60,0x00000000eb100000)
  to   space 1024K, 0% used [0x00000000eaf00000,0x00000000eaf00000,0x00000000eb000000)
 ParOldGen       total 188416K, used 187939K [0x00000000c0000000, 0x00000000cb800000, 0x00000000eab00000)
  object space 188416K, 99% used [0x00000000c0000000,0x00000000cb788d78,0x00000000cb800000)
 Metaspace       used 57262K, committed 58560K, reserved 1114112K
  class space    used 5968K, committed 6528K, reserved 1048576K
}
Event: 21.219 GC heap before
{Heap before GC invocations=167 (full 2):
 PSYoungGen      total 5120K, used 4963K [0x00000000eab00000, 0x00000000eb100000, 0x0000000100000000)
  eden space 4096K, 99% used [0x00000000eab00000,0x00000000eaeff418,0x00000000eaf00000)
  from space 1024K, 85% used [0x00000000eb000000,0x00000000eb0d9b60,0x00000000eb100000)
  to   space 1024K, 0% used [0x00000000eaf00000,0x00000000eaf00000,0x00000000eb000000)
 ParOldGen       total 188416K, used 187939K [0x00000000c0000000, 0x00000000cb800000, 0x00000000eab00000)
  object space 188416K, 99% used [0x00000000c0000000,0x00000000cb788d78,0x00000000cb800000)
 Metaspace       used 57502K, committed 58752K, reserved 1114112K
  class space    used 5991K, committed 6528K, reserved 1048576K
}
Event: 21.223 GC heap after
{Heap after GC invocations=167 (full 2):
 PSYoungGen      total 5120K, used 921K [0x00000000eab00000, 0x00000000eb100000, 0x0000000100000000)
  eden space 4096K, 0% used [0x00000000eab00000,0x00000000eab00000,0x00000000eaf00000)
  from space 1024K, 90% used [0x00000000eaf00000,0x00000000eafe66b0,0x00000000eb000000)
  to   space 1024K, 0% used [0x00000000eb000000,0x00000000eb000000,0x00000000eb100000)
 ParOldGen       total 188928K, used 188668K [0x00000000c0000000, 0x00000000cb880000, 0x00000000eab00000)
  object space 188928K, 99% used [0x00000000c0000000,0x00000000cb83f228,0x00000000cb880000)
 Metaspace       used 57502K, committed 58752K, reserved 1114112K
  class space    used 5991K, committed 6528K, reserved 1048576K
}
Event: 21.270 GC heap before
{Heap before GC invocations=168 (full 2):
 PSYoungGen      total 5120K, used 5017K [0x00000000eab00000, 0x00000000eb100000, 0x0000000100000000)
  eden space 4096K, 100% used [0x00000000eab00000,0x00000000eaf00000,0x00000000eaf00000)
  from space 1024K, 90% used [0x00000000eaf00000,0x00000000eafe66b0,0x00000000eb000000)
  to   space 1024K, 0% used [0x00000000eb000000,0x00000000eb000000,0x00000000eb100000)
 ParOldGen       total 188928K, used 188668K [0x00000000c0000000, 0x00000000cb880000, 0x00000000eab00000)
  object space 188928K, 99% used [0x00000000c0000000,0x00000000cb83f228,0x00000000cb880000)
 Metaspace       used 57650K, committed 58880K, reserved 1114112K
  class space    used 5996K, committed 6528K, reserved 1048576K
}
Event: 21.272 GC heap after
{Heap after GC invocations=168 (full 2):
 PSYoungGen      total 5120K, used 875K [0x00000000eab00000, 0x00000000eb100000, 0x0000000100000000)
  eden space 4096K, 0% used [0x00000000eab00000,0x00000000eab00000,0x00000000eaf00000)
  from space 1024K, 85% used [0x00000000eb000000,0x00000000eb0daee0,0x00000000eb100000)
  to   space 1024K, 0% used [0x00000000eaf00000,0x00000000eaf00000,0x00000000eb000000)
 ParOldGen       total 189440K, used 189344K [0x00000000c0000000, 0x00000000cb900000, 0x00000000eab00000)
  object space 189440K, 99% used [0x00000000c0000000,0x00000000cb8e8030,0x00000000cb900000)
 Metaspace       used 57650K, committed 58880K, reserved 1114112K
  class space    used 5996K, committed 6528K, reserved 1048576K
}
Event: 21.309 GC heap before
{Heap before GC invocations=169 (full 2):
 PSYoungGen      total 5120K, used 4971K [0x00000000eab00000, 0x00000000eb100000, 0x0000000100000000)
  eden space 4096K, 100% used [0x00000000eab00000,0x00000000eaf00000,0x00000000eaf00000)
  from space 1024K, 85% used [0x00000000eb000000,0x00000000eb0daee0,0x00000000eb100000)
  to   space 1024K, 0% used [0x00000000eaf00000,0x00000000eaf00000,0x00000000eb000000)
 ParOldGen       total 189440K, used 189344K [0x00000000c0000000, 0x00000000cb900000, 0x00000000eab00000)
  object space 189440K, 99% used [0x00000000c0000000,0x00000000cb8e8030,0x00000000cb900000)
 Metaspace       used 57780K, committed 59072K, reserved 1114112K
  class space    used 6016K, committed 6592K, reserved 1048576K
}
Event: 21.312 GC heap after
{Heap after GC invocations=169 (full 2):
 PSYoungGen      total 5120K, used 1018K [0x00000000eab00000, 0x00000000eb200000, 0x0000000100000000)
  eden space 4096K, 0% used [0x00000000eab00000,0x00000000eab00000,0x00000000eaf00000)
  from space 1024K, 99% used [0x00000000eaf00000,0x00000000eaffeaa8,0x00000000eb000000)
  to   space 1536K, 0% used [0x00000000eb080000,0x00000000eb080000,0x00000000eb200000)
 ParOldGen       total 190464K, used 190024K [0x00000000c0000000, 0x00000000cba00000, 0x00000000eab00000)
  object space 190464K, 99% used [0x00000000c0000000,0x00000000cb992068,0x00000000cba00000)
 Metaspace       used 57780K, committed 59072K, reserved 1114112K
  class space    used 6016K, committed 6592K, reserved 1048576K
}
Event: 21.337 GC heap before
{Heap before GC invocations=170 (full 2):
 PSYoungGen      total 5120K, used 5114K [0x00000000eab00000, 0x00000000eb200000, 0x0000000100000000)
  eden space 4096K, 100% used [0x00000000eab00000,0x00000000eaf00000,0x00000000eaf00000)
  from space 1024K, 99% used [0x00000000eaf00000,0x00000000eaffeaa8,0x00000000eb000000)
  to   space 1536K, 0% used [0x00000000eb080000,0x00000000eb080000,0x00000000eb200000)
 ParOldGen       total 190464K, used 190024K [0x00000000c0000000, 0x00000000cba00000, 0x00000000eab00000)
  object space 190464K, 99% used [0x00000000c0000000,0x00000000cb992068,0x00000000cba00000)
 Metaspace       used 57849K, committed 59136K, reserved 1114112K
  class space    used 6026K, committed 6592K, reserved 1048576K
}
Event: 21.340 GC heap after
{Heap after GC invocations=170 (full 2):
 PSYoungGen      total 5632K, used 1137K [0x00000000eab00000, 0x00000000eb200000, 0x0000000100000000)
  eden space 4096K, 0% used [0x00000000eab00000,0x00000000eab00000,0x00000000eaf00000)
  from space 1536K, 74% used [0x00000000eb080000,0x00000000eb19c568,0x00000000eb200000)
  to   space 1536K, 0% used [0x00000000eaf00000,0x00000000eaf00000,0x00000000eb080000)
 ParOldGen       total 190976K, used 190890K [0x00000000c0000000, 0x00000000cba80000, 0x00000000eab00000)
  object space 190976K, 99% used [0x00000000c0000000,0x00000000cba6ab58,0x00000000cba80000)
 Metaspace       used 57849K, committed 59136K, reserved 1114112K
  class space    used 6026K, committed 6592K, reserved 1048576K
}
Event: 21.389 GC heap before
{Heap before GC invocations=171 (full 2):
 PSYoungGen      total 5632K, used 5233K [0x00000000eab00000, 0x00000000eb200000, 0x0000000100000000)
  eden space 4096K, 100% used [0x00000000eab00000,0x00000000eaf00000,0x00000000eaf00000)
  from space 1536K, 74% used [0x00000000eb080000,0x00000000eb19c568,0x00000000eb200000)
  to   space 1536K, 0% used [0x00000000eaf00000,0x00000000eaf00000,0x00000000eb080000)
 ParOldGen       total 194560K, used 194346K [0x00000000c0000000, 0x00000000cbe00000, 0x00000000eab00000)
  object space 194560K, 99% used [0x00000000c0000000,0x00000000cbdcab60,0x00000000cbe00000)
 Metaspace       used 58145K, committed 59456K, reserved 1114112K
  class space    used 6056K, committed 6592K, reserved 1048576K
}

