# JRE version: OpenJDK Runtime Environment Temurin-21.0.6+7 (21.0.6+7) (build 21.0.6+7-LTS)
# Java VM: OpenJDK 64-Bit Server VM Temurin-21.0.6+7 (21.0.6+7-LTS, mixed mode, sharing, tiered, compressed oops, compressed class ptrs, parallel gc, windows-amd64)
GC Precious Log:
 CardTable entry size: 512
 CPUs: 12 total, 12 available
 Memory: 7583M
 Large Page Support: Disabled
 NUMA Support: Disabled
 Compressed Oops: Enabled (32-bit)
 Alignments: Space 512K, Generation 512K, Heap 2M
 Heap Min Capacity: 100M
 Heap Initial Capacity: 100M
 Heap Max Capacity: 1G
 Pre-touch: Disabled
 Parallel Workers: 10
Heap:
 PSYoungGen      total 3072K, used 1299K [0x00000000eab00000, 0x00000000eb200000, 0x0000000100000000)
  eden space 2048K, 13% used [0x00000000eab00000,0x00000000eab44cc8,0x00000000ead00000)
  from space 1024K, 100% used [0x00000000ead00000,0x00000000eae00000,0x00000000eae00000)
  to   space 2560K, 0% used [0x00000000eaf80000,0x00000000eaf80000,0x00000000eb200000)
 ParOldGen       total 506880K, used 506622K [0x00000000c0000000, 0x00000000def00000, 0x00000000eab00000)
  object space 506880K, 99% used [0x00000000c0000000,0x00000000deebf9c0,0x00000000def00000)
 Metaspace       used 62510K, committed 63936K, reserved 1114112K
  class space    used 6675K, committed 7296K, reserved 1048576K
GC Heap History (20 events):
Event: 23.006 GC heap after
{Heap after GC invocations=309 (full 3):
 PSYoungGen      total 1536K, used 288K [0x00000000eab00000, 0x00000000ead80000, 0x0000000100000000)
  eden space 1024K, 0% used [0x00000000eab00000,0x00000000eab00000,0x00000000eac00000)
  from space 512K, 56% used [0x00000000ead00000,0x00000000ead48000,0x00000000ead80000)
  to   space 512K, 0% used [0x00000000eac80000,0x00000000eac80000,0x00000000ead00000)
 ParOldGen       total 484864K, used 484469K [0x00000000c0000000, 0x00000000dd980000, 0x00000000eab00000)
  object space 484864K, 99% used [0x00000000c0000000,0x00000000dd91d5c0,0x00000000dd980000)
 Metaspace       used 62143K, committed 63552K, reserved 1114112K
  class space    used 6660K, committed 7296K, reserved 1048576K
}
Event: 23.013 GC heap before
{Heap before GC invocations=310 (full 3):
 PSYoungGen      total 1536K, used 1312K [0x00000000eab00000, 0x00000000ead80000, 0x0000000100000000)
  eden space 1024K, 100% used [0x00000000eab00000,0x00000000eac00000,0x00000000eac00000)
  from space 512K, 56% used [0x00000000ead00000,0x00000000ead48000,0x00000000ead80000)
  to   space 512K, 0% used [0x00000000eac80000,0x00000000eac80000,0x00000000ead00000)
 ParOldGen       total 484864K, used 484469K [0x00000000c0000000, 0x00000000dd980000, 0x00000000eab00000)
  object space 484864K, 99% used [0x00000000c0000000,0x00000000dd91d5c0,0x00000000dd980000)
 Metaspace       used 62152K, committed 63616K, reserved 1114112K
  class space    used 6661K, committed 7296K, reserved 1048576K
}
Event: 23.019 GC heap after
{Heap after GC invocations=310 (full 3):
 PSYoungGen      total 2048K, used 496K [0x00000000eab00000, 0x00000000eae80000, 0x0000000100000000)
  eden space 1536K, 0% used [0x00000000eab00000,0x00000000eab00000,0x00000000eac80000)
  from space 512K, 97% used [0x00000000eac80000,0x00000000eacfc2a8,0x00000000ead00000)
  to   space 1024K, 0% used [0x00000000ead80000,0x00000000ead80000,0x00000000eae80000)
 ParOldGen       total 485376K, used 484869K [0x00000000c0000000, 0x00000000dda00000, 0x00000000eab00000)
  object space 485376K, 99% used [0x00000000c0000000,0x00000000dd9815c0,0x00000000dda00000)
 Metaspace       used 62152K, committed 63616K, reserved 1114112K
  class space    used 6661K, committed 7296K, reserved 1048576K
}
Event: 23.043 GC heap before
{Heap before GC invocations=311 (full 3):
 PSYoungGen      total 2048K, used 2032K [0x00000000eab00000, 0x00000000eae80000, 0x0000000100000000)
  eden space 1536K, 100% used [0x00000000eab00000,0x00000000eac80000,0x00000000eac80000)
  from space 512K, 97% used [0x00000000eac80000,0x00000000eacfc2a8,0x00000000ead00000)
  to   space 1024K, 0% used [0x00000000ead80000,0x00000000ead80000,0x00000000eae80000)
 ParOldGen       total 485376K, used 484869K [0x00000000c0000000, 0x00000000dda00000, 0x00000000eab00000)
  object space 485376K, 99% used [0x00000000c0000000,0x00000000dd9815c0,0x00000000dda00000)
 Metaspace       used 62184K, committed 63616K, reserved 1114112K
  class space    used 6662K, committed 7296K, reserved 1048576K
}
Event: 23.047 GC heap after
{Heap after GC invocations=311 (full 3):
 PSYoungGen      total 2560K, used 928K [0x00000000eab00000, 0x00000000eaf00000, 0x0000000100000000)
  eden space 1536K, 0% used [0x00000000eab00000,0x00000000eab00000,0x00000000eac80000)
  from space 1024K, 90% used [0x00000000ead80000,0x00000000eae68000,0x00000000eae80000)
  to   space 1024K, 0% used [0x00000000eac80000,0x00000000eac80000,0x00000000ead80000)
 ParOldGen       total 485376K, used 485301K [0x00000000c0000000, 0x00000000dda00000, 0x00000000eab00000)
  object space 485376K, 99% used [0x00000000c0000000,0x00000000dd9ed5c0,0x00000000dda00000)
 Metaspace       used 62184K, committed 63616K, reserved 1114112K
  class space    used 6662K, committed 7296K, reserved 1048576K
}
Event: 23.053 GC heap before
{Heap before GC invocations=312 (full 3):
 PSYoungGen      total 2560K, used 2464K [0x00000000eab00000, 0x00000000eaf00000, 0x0000000100000000)
  eden space 1536K, 100% used [0x00000000eab00000,0x00000000eac80000,0x00000000eac80000)
  from space 1024K, 90% used [0x00000000ead80000,0x00000000eae68000,0x00000000eae80000)
  to   space 1024K, 0% used [0x00000000eac80000,0x00000000eac80000,0x00000000ead80000)
 ParOldGen       total 485376K, used 485301K [0x00000000c0000000, 0x00000000dda00000, 0x00000000eab00000)
  object space 485376K, 99% used [0x00000000c0000000,0x00000000dd9ed5c0,0x00000000dda00000)
 Metaspace       used 62184K, committed 63616K, reserved 1114112K
  class space    used 6662K, committed 7296K, reserved 1048576K
}
Event: 23.058 GC heap after
{Heap after GC invocations=312 (full 3):
 PSYoungGen      total 2560K, used 1024K [0x00000000eab00000, 0x00000000eb200000, 0x0000000100000000)
  eden space 1536K, 0% used [0x00000000eab00000,0x00000000eab00000,0x00000000eac80000)
  from space 1024K, 100% used [0x00000000eac80000,0x00000000ead80000,0x00000000ead80000)
  to   space 2560K, 0% used [0x00000000eaf80000,0x00000000eaf80000,0x00000000eb200000)
 ParOldGen       total 486400K, used 486229K [0x00000000c0000000, 0x00000000ddb00000, 0x00000000eab00000)
  object space 486400K, 99% used [0x00000000c0000000,0x00000000ddad55c0,0x00000000ddb00000)
 Metaspace       used 62184K, committed 63616K, reserved 1114112K
  class space    used 6662K, committed 7296K, reserved 1048576K
}
Event: 23.067 GC heap before
{Heap before GC invocations=313 (full 3):
 PSYoungGen      total 2560K, used 2560K [0x00000000eab00000, 0x00000000eb200000, 0x0000000100000000)
  eden space 1536K, 100% used [0x00000000eab00000,0x00000000eac80000,0x00000000eac80000)
  from space 1024K, 100% used [0x00000000eac80000,0x00000000ead80000,0x00000000ead80000)
  to   space 2560K, 0% used [0x00000000eaf80000,0x00000000eaf80000,0x00000000eb200000)
 ParOldGen       total 486400K, used 486229K [0x00000000c0000000, 0x00000000ddb00000, 0x00000000eab00000)
  object space 486400K, 99% used [0x00000000c0000000,0x00000000ddad55c0,0x00000000ddb00000)
 Metaspace       used 62184K, committed 63616K, reserved 1114112K
  class space    used 6662K, committed 7296K, reserved 1048576K
}
Event: 23.071 GC heap after
{Heap after GC invocations=313 (full 3):
 PSYoungGen      total 3584K, used 1344K [0x00000000eab00000, 0x00000000eb100000, 0x0000000100000000)
  eden space 2048K, 0% used [0x00000000eab00000,0x00000000eab00000,0x00000000ead00000)
  from space 1536K, 87% used [0x00000000eaf80000,0x00000000eb0d0000,0x00000000eb100000)
  to   space 2048K, 0% used [0x00000000ead00000,0x00000000ead00000,0x00000000eaf00000)
 ParOldGen       total 487424K, used 487293K [0x00000000c0000000, 0x00000000ddc00000, 0x00000000eab00000)
  object space 487424K, 99% used [0x00000000c0000000,0x00000000ddbdf5c0,0x00000000ddc00000)
 Metaspace       used 62184K, committed 63616K, reserved 1114112K
  class space    used 6662K, committed 7296K, reserved 1048576K
}
Event: 23.078 GC heap before
{Heap before GC invocations=314 (full 3):
 PSYoungGen      total 3584K, used 3392K [0x00000000eab00000, 0x00000000eb100000, 0x0000000100000000)
  eden space 2048K, 100% used [0x00000000eab00000,0x00000000ead00000,0x00000000ead00000)
  from space 1536K, 87% used [0x00000000eaf80000,0x00000000eb0d0000,0x00000000eb100000)
  to   space 2048K, 0% used [0x00000000ead00000,0x00000000ead00000,0x00000000eaf00000)
 ParOldGen       total 487424K, used 487293K [0x00000000c0000000, 0x00000000ddc00000, 0x00000000eab00000)
  object space 487424K, 99% used [0x00000000c0000000,0x00000000ddbdf5c0,0x00000000ddc00000)
 Metaspace       used 62185K, committed 63616K, reserved 1114112K
  class space    used 6662K, committed 7296K, reserved 1048576K
}
Event: 23.084 GC heap after
{Heap after GC invocations=314 (full 3):
 PSYoungGen      total 4096K, used 1696K [0x00000000eab00000, 0x00000000eb180000, 0x0000000100000000)
  eden space 2048K, 0% used [0x00000000eab00000,0x00000000eab00000,0x00000000ead00000)
  from space 2048K, 82% used [0x00000000ead00000,0x00000000eaea8000,0x00000000eaf00000)
  to   space 2048K, 0% used [0x00000000eaf80000,0x00000000eaf80000,0x00000000eb180000)
 ParOldGen       total 488960K, used 488533K [0x00000000c0000000, 0x00000000ddd80000, 0x00000000eab00000)
  object space 488960K, 99% used [0x00000000c0000000,0x00000000ddd155c0,0x00000000ddd80000)
 Metaspace       used 62185K, committed 63616K, reserved 1114112K
  class space    used 6662K, committed 7296K, reserved 1048576K
}
Event: 23.091 GC heap before
{Heap before GC invocations=315 (full 3):
 PSYoungGen      total 4096K, used 3744K [0x00000000eab00000, 0x00000000eb180000, 0x0000000100000000)
  eden space 2048K, 100% used [0x00000000eab00000,0x00000000ead00000,0x00000000ead00000)
  from space 2048K, 82% used [0x00000000ead00000,0x00000000eaea8000,0x00000000eaf00000)
  to   space 2048K, 0% used [0x00000000eaf80000,0x00000000eaf80000,0x00000000eb180000)
 ParOldGen       total 488960K, used 488533K [0x00000000c0000000, 0x00000000ddd80000, 0x00000000eab00000)
  object space 488960K, 99% used [0x00000000c0000000,0x00000000ddd155c0,0x00000000ddd80000)
 Metaspace       used 62208K, committed 63616K, reserved 1114112K
  class space    used 6662K, committed 7296K, reserved 1048576K
}
Event: 23.096 GC heap after
{Heap after GC invocations=315 (full 3):
 PSYoungGen      total 4608K, used 1632K [0x00000000eab00000, 0x00000000eb180000, 0x0000000100000000)
  eden space 2560K, 0% used [0x00000000eab00000,0x00000000eab00000,0x00000000ead80000)
  from space 2048K, 79% used [0x00000000eaf80000,0x00000000eb118000,0x00000000eb180000)
  to   space 2048K, 0% used [0x00000000ead80000,0x00000000ead80000,0x00000000eaf80000)
 ParOldGen       total 490496K, used 490101K [0x00000000c0000000, 0x00000000ddf00000, 0x00000000eab00000)
  object space 490496K, 99% used [0x00000000c0000000,0x00000000dde9d5c0,0x00000000ddf00000)
 Metaspace       used 62208K, committed 63616K, reserved 1114112K
  class space    used 6662K, committed 7296K, reserved 1048576K
}
Event: 23.105 GC heap before
{Heap before GC invocations=316 (full 3):
 PSYoungGen      total 4608K, used 4192K [0x00000000eab00000, 0x00000000eb180000, 0x0000000100000000)
  eden space 2560K, 100% used [0x00000000eab00000,0x00000000ead80000,0x00000000ead80000)
  from space 2048K, 79% used [0x00000000eaf80000,0x00000000eb118000,0x00000000eb180000)
  to   space 2048K, 0% used [0x00000000ead80000,0x00000000ead80000,0x00000000eaf80000)
 ParOldGen       total 490496K, used 490101K [0x00000000c0000000, 0x00000000ddf00000, 0x00000000eab00000)
  object space 490496K, 99% used [0x00000000c0000000,0x00000000dde9d5c0,0x00000000ddf00000)
 Metaspace       used 62208K, committed 63616K, reserved 1114112K
  class space    used 6662K, committed 7296K, reserved 1048576K
}
Event: 23.111 GC heap after
{Heap after GC invocations=316 (full 3):
 PSYoungGen      total 4608K, used 2016K [0x00000000eab00000, 0x00000000eb600000, 0x0000000100000000)
  eden space 2560K, 0% used [0x00000000eab00000,0x00000000eab00000,0x00000000ead80000)
  from space 2048K, 98% used [0x00000000ead80000,0x00000000eaf78010,0x00000000eaf80000)
  to   space 4096K, 0% used [0x00000000eb200000,0x00000000eb200000,0x00000000eb600000)
 ParOldGen       total 492032K, used 491661K [0x00000000c0000000, 0x00000000de080000, 0x00000000eab00000)
  object space 492032K, 99% used [0x00000000c0000000,0x00000000de0235c0,0x00000000de080000)
 Metaspace       used 62208K, committed 63616K, reserved 1114112K
  class space    used 6662K, committed 7296K, reserved 1048576K
}
Event: 23.119 GC heap before
{Heap before GC invocations=317 (full 3):
 PSYoungGen      total 4608K, used 4576K [0x00000000eab00000, 0x00000000eb600000, 0x0000000100000000)
  eden space 2560K, 100% used [0x00000000eab00000,0x00000000ead80000,0x00000000ead80000)
  from space 2048K, 98% used [0x00000000ead80000,0x00000000eaf78010,0x00000000eaf80000)
  to   space 4096K, 0% used [0x00000000eb200000,0x00000000eb200000,0x00000000eb600000)
 ParOldGen       total 492032K, used 491661K [0x00000000c0000000, 0x00000000de080000, 0x00000000eab00000)
  object space 492032K, 99% used [0x00000000c0000000,0x00000000de0235c0,0x00000000de080000)
 Metaspace       used 62289K, committed 63680K, reserved 1114112K
  class space    used 6663K, committed 7296K, reserved 1048576K
}
Event: 23.125 GC heap after
{Heap after GC invocations=317 (full 3):
 PSYoungGen      total 5120K, used 1856K [0x00000000eab00000, 0x00000000eb400000, 0x0000000100000000)
  eden space 3072K, 0% used [0x00000000eab00000,0x00000000eab00000,0x00000000eae00000)
  from space 2048K, 90% used [0x00000000eb200000,0x00000000eb3d0000,0x00000000eb400000)
  to   space 2560K, 0% used [0x00000000eaf00000,0x00000000eaf00000,0x00000000eb180000)
 ParOldGen       total 493568K, used 493461K [0x00000000c0000000, 0x00000000de200000, 0x00000000eab00000)
  object space 493568K, 99% used [0x00000000c0000000,0x00000000de1e55c0,0x00000000de200000)
 Metaspace       used 62289K, committed 63680K, reserved 1114112K
  class space    used 6663K, committed 7296K, reserved 1048576K
}
Event: 23.135 GC heap before
{Heap before GC invocations=318 (full 3):
 PSYoungGen      total 5120K, used 4928K [0x00000000eab00000, 0x00000000eb400000, 0x0000000100000000)
  eden space 3072K, 100% used [0x00000000eab00000,0x00000000eae00000,0x00000000eae00000)
  from space 2048K, 90% used [0x00000000eb200000,0x00000000eb3d0000,0x00000000eb400000)
  to   space 2560K, 0% used [0x00000000eaf00000,0x00000000eaf00000,0x00000000eb180000)
 ParOldGen       total 493568K, used 493461K [0x00000000c0000000, 0x00000000de200000, 0x00000000eab00000)
  object space 493568K, 99% used [0x00000000c0000000,0x00000000de1e55c0,0x00000000de200000)
 Metaspace       used 62289K, committed 63680K, reserved 1114112K
  class space    used 6663K, committed 7296K, reserved 1048576K
}
Event: 23.141 GC heap after
{Heap after GC invocations=318 (full 3):
 PSYoungGen      total 6656K, used 2464K [0x00000000eab00000, 0x00000000eb500000, 0x0000000100000000)
  eden space 4096K, 0% used [0x00000000eab00000,0x00000000eab00000,0x00000000eaf00000)
  from space 2560K, 96% used [0x00000000eaf00000,0x00000000eb168000,0x00000000eb180000)
  to   space 3072K, 0% used [0x00000000eb200000,0x00000000eb200000,0x00000000eb500000)
 ParOldGen       total 495616K, used 495205K [0x00000000c0000000, 0x00000000de400000, 0x00000000eab00000)
  object space 495616K, 99% used [0x00000000c0000000,0x00000000de3995c0,0x00000000de400000)
 Metaspace       used 62289K, committed 63680K, reserved 1114112K
  class space    used 6663K, committed 7296K, reserved 1048576K
}
Event: 23.157 GC heap before
{Heap before GC invocations=319 (full 3):
 PSYoungGen      total 6656K, used 6560K [0x00000000eab00000, 0x00000000eb500000, 0x0000000100000000)
  eden space 4096K, 100% used [0x00000000eab00000,0x00000000eaf00000,0x00000000eaf00000)
  from space 2560K, 96% used [0x00000000eaf00000,0x00000000eb168000,0x00000000eb180000)
  to   space 3072K, 0% used [0x00000000eb200000,0x00000000eb200000,0x00000000eb500000)
 ParOldGen       total 495616K, used 495205K [0x00000000c0000000, 0x00000000de400000, 0x00000000eab00000)
  object space 495616K, 99% used [0x00000000c0000000,0x00000000de3995c0,0x00000000de400000)
 Metaspace       used 62324K, committed 63744K, reserved 1114112K
  class space    used 6663K, committed 7296K, reserved 1048576K
}

