# JRE version: OpenJDK Runtime Environment Temurin-21.0.6+7 (21.0.6+7) (build 21.0.6+7-LTS)
# Java VM: OpenJDK 64-Bit Server VM Temurin-21.0.6+7 (21.0.6+7-LTS, mixed mode, sharing, tiered, compressed oops, compressed class ptrs, parallel gc, windows-amd64)
GC Precious Log:
 CardTable entry size: 512
 CPUs: 12 total, 12 available
 Memory: 7583M
 Large Page Support: Disabled
 NUMA Support: Disabled
 Compressed Oops: Enabled (32-bit)
 Alignments: Space 512K, Generation 512K, Heap 2M
 Heap Min Capacity: 100M
 Heap Initial Capacity: 100M
 Heap Max Capacity: 1G
 Pre-touch: Disabled
 Parallel Workers: 10
Heap:
 PSYoungGen      total 3584K, used 2852K [0x00000000eab00000, 0x00000000eb000000, 0x0000000100000000)
  eden space 2560K, 86% used [0x00000000eab00000,0x00000000ead29240,0x00000000ead80000)
  from space 1024K, 62% used [0x00000000eaf00000,0x00000000eafa0000,0x00000000eb000000)
  to   space 1024K, 0% used [0x00000000eae00000,0x00000000eae00000,0x00000000eaf00000)
 ParOldGen       total 471552K, used 471010K [0x00000000c0000000, 0x00000000dcc80000, 0x00000000eab00000)
  object space 471552K, 99% used [0x00000000c0000000,0x00000000dcbf8b78,0x00000000dcc80000)
 Metaspace       used 64247K, committed 65600K, reserved 1114112K
  class space    used 6793K, committed 7360K, reserved 1048576K
GC Heap History (20 events):
Event: 43.028 GC heap before
{Heap before GC invocations=393 (full 3):
 PSYoungGen      total 2560K, used 2560K [0x00000000eab00000, 0x00000000eb080000, 0x0000000100000000)
  eden space 1536K, 100% used [0x00000000eab00000,0x00000000eac80000,0x00000000eac80000)
  from space 1024K, 100% used [0x00000000ead80000,0x00000000eae80000,0x00000000eae80000)
  to   space 2048K, 0% used [0x00000000eae80000,0x00000000eae80000,0x00000000eb080000)
 ParOldGen       total 405504K, used 405202K [0x00000000c0000000, 0x00000000d8c00000, 0x00000000eab00000)
  object space 405504K, 99% used [0x00000000c0000000,0x00000000d8bb4898,0x00000000d8c00000)
 Metaspace       used 64061K, committed 65344K, reserved 1114112K
  class space    used 6763K, committed 7296K, reserved 1048576K
}
Event: 43.032 GC heap after
{Heap after GC invocations=393 (full 3):
 PSYoungGen      total 3584K, used 1687K [0x00000000eab00000, 0x00000000eb100000, 0x0000000100000000)
  eden space 1536K, 0% used [0x00000000eab00000,0x00000000eab00000,0x00000000eac80000)
  from space 2048K, 82% used [0x00000000eae80000,0x00000000eb025dd0,0x00000000eb080000)
  to   space 2048K, 0% used [0x00000000eac80000,0x00000000eac80000,0x00000000eae80000)
 ParOldGen       total 406528K, used 406202K [0x00000000c0000000, 0x00000000d8d00000, 0x00000000eab00000)
  object space 406528K, 99% used [0x00000000c0000000,0x00000000d8cae898,0x00000000d8d00000)
 Metaspace       used 64061K, committed 65344K, reserved 1114112K
  class space    used 6763K, committed 7296K, reserved 1048576K
}
Event: 43.044 GC heap before
{Heap before GC invocations=394 (full 3):
 PSYoungGen      total 3584K, used 3223K [0x00000000eab00000, 0x00000000eb100000, 0x0000000100000000)
  eden space 1536K, 100% used [0x00000000eab00000,0x00000000eac80000,0x00000000eac80000)
  from space 2048K, 82% used [0x00000000eae80000,0x00000000eb025dd0,0x00000000eb080000)
  to   space 2048K, 0% used [0x00000000eac80000,0x00000000eac80000,0x00000000eae80000)
 ParOldGen       total 406528K, used 406202K [0x00000000c0000000, 0x00000000d8d00000, 0x00000000eab00000)
  object space 406528K, 99% used [0x00000000c0000000,0x00000000d8cae898,0x00000000d8d00000)
 Metaspace       used 64074K, committed 65344K, reserved 1114112K
  class space    used 6763K, committed 7296K, reserved 1048576K
}
Event: 43.049 GC heap after
{Heap after GC invocations=394 (full 3):
 PSYoungGen      total 3584K, used 1622K [0x00000000eab00000, 0x00000000eb100000, 0x0000000100000000)
  eden space 1536K, 0% used [0x00000000eab00000,0x00000000eab00000,0x00000000eac80000)
  from space 2048K, 79% used [0x00000000eac80000,0x00000000eae15a30,0x00000000eae80000)
  to   space 2048K, 0% used [0x00000000eaf00000,0x00000000eaf00000,0x00000000eb100000)
 ParOldGen       total 407552K, used 407318K [0x00000000c0000000, 0x00000000d8e00000, 0x00000000eab00000)
  object space 407552K, 99% used [0x00000000c0000000,0x00000000d8dc58b8,0x00000000d8e00000)
 Metaspace       used 64074K, committed 65344K, reserved 1114112K
  class space    used 6763K, committed 7296K, reserved 1048576K
}
Event: 43.057 GC heap before
{Heap before GC invocations=395 (full 3):
 PSYoungGen      total 3584K, used 3158K [0x00000000eab00000, 0x00000000eb100000, 0x0000000100000000)
  eden space 1536K, 100% used [0x00000000eab00000,0x00000000eac80000,0x00000000eac80000)
  from space 2048K, 79% used [0x00000000eac80000,0x00000000eae15a30,0x00000000eae80000)
  to   space 2048K, 0% used [0x00000000eaf00000,0x00000000eaf00000,0x00000000eb100000)
 ParOldGen       total 407552K, used 407318K [0x00000000c0000000, 0x00000000d8e00000, 0x00000000eab00000)
  object space 407552K, 99% used [0x00000000c0000000,0x00000000d8dc58b8,0x00000000d8e00000)
 Metaspace       used 64079K, committed 65344K, reserved 1114112K
  class space    used 6763K, committed 7296K, reserved 1048576K
}
Event: 43.060 GC heap after
{Heap after GC invocations=395 (full 3):
 PSYoungGen      total 4096K, used 1647K [0x00000000eab00000, 0x00000000eb100000, 0x0000000100000000)
  eden space 2048K, 0% used [0x00000000eab00000,0x00000000eab00000,0x00000000ead00000)
  from space 2048K, 80% used [0x00000000eaf00000,0x00000000eb09bec0,0x00000000eb100000)
  to   space 2048K, 0% used [0x00000000ead00000,0x00000000ead00000,0x00000000eaf00000)
 ParOldGen       total 407552K, used 407398K [0x00000000c0000000, 0x00000000d8e00000, 0x00000000eab00000)
  object space 407552K, 99% used [0x00000000c0000000,0x00000000d8dd98b8,0x00000000d8e00000)
 Metaspace       used 64079K, committed 65344K, reserved 1114112K
  class space    used 6763K, committed 7296K, reserved 1048576K
}
Event: 43.069 GC heap before
{Heap before GC invocations=396 (full 3):
 PSYoungGen      total 4096K, used 3695K [0x00000000eab00000, 0x00000000eb100000, 0x0000000100000000)
  eden space 2048K, 100% used [0x00000000eab00000,0x00000000ead00000,0x00000000ead00000)
  from space 2048K, 80% used [0x00000000eaf00000,0x00000000eb09bec0,0x00000000eb100000)
  to   space 2048K, 0% used [0x00000000ead00000,0x00000000ead00000,0x00000000eaf00000)
 ParOldGen       total 407552K, used 407398K [0x00000000c0000000, 0x00000000d8e00000, 0x00000000eab00000)
  object space 407552K, 99% used [0x00000000c0000000,0x00000000d8dd98b8,0x00000000d8e00000)
 Metaspace       used 64079K, committed 65344K, reserved 1114112K
  class space    used 6763K, committed 7296K, reserved 1048576K
}
Event: 43.074 GC heap after
{Heap after GC invocations=396 (full 3):
 PSYoungGen      total 4096K, used 2048K [0x00000000eab00000, 0x00000000eb580000, 0x0000000100000000)
  eden space 2048K, 0% used [0x00000000eab00000,0x00000000eab00000,0x00000000ead00000)
  from space 2048K, 100% used [0x00000000ead00000,0x00000000eaf00000,0x00000000eaf00000)
  to   space 4096K, 0% used [0x00000000eb180000,0x00000000eb180000,0x00000000eb580000)
 ParOldGen       total 409088K, used 408957K [0x00000000c0000000, 0x00000000d8f80000, 0x00000000eab00000)
  object space 409088K, 99% used [0x00000000c0000000,0x00000000d8f5f778,0x00000000d8f80000)
 Metaspace       used 64079K, committed 65344K, reserved 1114112K
  class space    used 6763K, committed 7296K, reserved 1048576K
}
Event: 43.084 GC heap before
{Heap before GC invocations=397 (full 3):
 PSYoungGen      total 4096K, used 4096K [0x00000000eab00000, 0x00000000eb580000, 0x0000000100000000)
  eden space 2048K, 100% used [0x00000000eab00000,0x00000000ead00000,0x00000000ead00000)
  from space 2048K, 100% used [0x00000000ead00000,0x00000000eaf00000,0x00000000eaf00000)
  to   space 4096K, 0% used [0x00000000eb180000,0x00000000eb180000,0x00000000eb580000)
 ParOldGen       total 409088K, used 408957K [0x00000000c0000000, 0x00000000d8f80000, 0x00000000eab00000)
  object space 409088K, 99% used [0x00000000c0000000,0x00000000d8f5f778,0x00000000d8f80000)
 Metaspace       used 64079K, committed 65344K, reserved 1114112K
  class space    used 6763K, committed 7296K, reserved 1048576K
}
Event: 43.088 GC heap after
{Heap after GC invocations=397 (full 3):
 PSYoungGen      total 5120K, used 2162K [0x00000000eab00000, 0x00000000eb400000, 0x0000000100000000)
  eden space 2560K, 0% used [0x00000000eab00000,0x00000000eab00000,0x00000000ead80000)
  from space 2560K, 84% used [0x00000000eb180000,0x00000000eb39c8c8,0x00000000eb400000)
  to   space 3072K, 0% used [0x00000000eae00000,0x00000000eae00000,0x00000000eb100000)
 ParOldGen       total 411136K, used 411029K [0x00000000c0000000, 0x00000000d9180000, 0x00000000eab00000)
  object space 411136K, 99% used [0x00000000c0000000,0x00000000d9165778,0x00000000d9180000)
 Metaspace       used 64079K, committed 65344K, reserved 1114112K
  class space    used 6763K, committed 7296K, reserved 1048576K
}
Event: 43.140 GC heap before
{Heap before GC invocations=398 (full 3):
 PSYoungGen      total 5120K, used 4520K [0x00000000eab00000, 0x00000000eb400000, 0x0000000100000000)
  eden space 2560K, 92% used [0x00000000eab00000,0x00000000ead4daa0,0x00000000ead80000)
  from space 2560K, 84% used [0x00000000eb180000,0x00000000eb39c8c8,0x00000000eb400000)
  to   space 3072K, 0% used [0x00000000eae00000,0x00000000eae00000,0x00000000eb100000)
 ParOldGen       total 411136K, used 411029K [0x00000000c0000000, 0x00000000d9180000, 0x00000000eab00000)
  object space 411136K, 99% used [0x00000000c0000000,0x00000000d9165778,0x00000000d9180000)
 Metaspace       used 64081K, committed 65344K, reserved 1114112K
  class space    used 6764K, committed 7296K, reserved 1048576K
}
Event: 43.145 GC heap after
{Heap after GC invocations=398 (full 3):
 PSYoungGen      total 5120K, used 1593K [0x00000000eab00000, 0x00000000eb200000, 0x0000000100000000)
  eden space 3072K, 0% used [0x00000000eab00000,0x00000000eab00000,0x00000000eae00000)
  from space 2048K, 77% used [0x00000000eae00000,0x00000000eaf8e570,0x00000000eb000000)
  to   space 2048K, 0% used [0x00000000eb000000,0x00000000eb000000,0x00000000eb200000)
 ParOldGen       total 412160K, used 411921K [0x00000000c0000000, 0x00000000d9280000, 0x00000000eab00000)
  object space 412160K, 99% used [0x00000000c0000000,0x00000000d92447c8,0x00000000d9280000)
 Metaspace       used 64081K, committed 65344K, reserved 1114112K
  class space    used 6764K, committed 7296K, reserved 1048576K
}
Event: 43.186 GC heap before
{Heap before GC invocations=399 (full 3):
 PSYoungGen      total 5120K, used 4665K [0x00000000eab00000, 0x00000000eb200000, 0x0000000100000000)
  eden space 3072K, 100% used [0x00000000eab00000,0x00000000eae00000,0x00000000eae00000)
  from space 2048K, 77% used [0x00000000eae00000,0x00000000eaf8e570,0x00000000eb000000)
  to   space 2048K, 0% used [0x00000000eb000000,0x00000000eb000000,0x00000000eb200000)
 ParOldGen       total 412160K, used 411921K [0x00000000c0000000, 0x00000000d9280000, 0x00000000eab00000)
  object space 412160K, 99% used [0x00000000c0000000,0x00000000d92447c8,0x00000000d9280000)
 Metaspace       used 64189K, committed 65472K, reserved 1114112K
  class space    used 6785K, committed 7296K, reserved 1048576K
}
Event: 43.191 GC heap after
{Heap after GC invocations=399 (full 3):
 PSYoungGen      total 5120K, used 1901K [0x00000000eab00000, 0x00000000eb200000, 0x0000000100000000)
  eden space 3072K, 0% used [0x00000000eab00000,0x00000000eab00000,0x00000000eae00000)
  from space 2048K, 92% used [0x00000000eb000000,0x00000000eb1db620,0x00000000eb200000)
  to   space 2048K, 0% used [0x00000000eae00000,0x00000000eae00000,0x00000000eb000000)
 ParOldGen       total 413184K, used 413083K [0x00000000c0000000, 0x00000000d9380000, 0x00000000eab00000)
  object space 413184K, 99% used [0x00000000c0000000,0x00000000d9366d28,0x00000000d9380000)
 Metaspace       used 64189K, committed 65472K, reserved 1114112K
  class space    used 6785K, committed 7296K, reserved 1048576K
}
Event: 43.210 GC heap before
{Heap before GC invocations=400 (full 3):
 PSYoungGen      total 5120K, used 3887K [0x00000000eab00000, 0x00000000eb200000, 0x0000000100000000)
  eden space 3072K, 64% used [0x00000000eab00000,0x00000000eacf0810,0x00000000eae00000)
  from space 2048K, 92% used [0x00000000eb000000,0x00000000eb1db620,0x00000000eb200000)
  to   space 2048K, 0% used [0x00000000eae00000,0x00000000eae00000,0x00000000eb000000)
 ParOldGen       total 413184K, used 413083K [0x00000000c0000000, 0x00000000d9380000, 0x00000000eab00000)
  object space 413184K, 99% used [0x00000000c0000000,0x00000000d9366d28,0x00000000d9380000)
 Metaspace       used 64205K, committed 65472K, reserved 1114112K
  class space    used 6789K, committed 7296K, reserved 1048576K
}
Event: 43.215 GC heap after
{Heap after GC invocations=400 (full 3):
 PSYoungGen      total 5120K, used 1504K [0x00000000eab00000, 0x00000000eb200000, 0x0000000100000000)
  eden space 3072K, 0% used [0x00000000eab00000,0x00000000eab00000,0x00000000eae00000)
  from space 2048K, 73% used [0x00000000eae00000,0x00000000eaf78020,0x00000000eb000000)
  to   space 2048K, 0% used [0x00000000eb000000,0x00000000eb000000,0x00000000eb200000)
 ParOldGen       total 415232K, used 414887K [0x00000000c0000000, 0x00000000d9580000, 0x00000000eab00000)
  object space 415232K, 99% used [0x00000000c0000000,0x00000000d9529cc8,0x00000000d9580000)
 Metaspace       used 64205K, committed 65472K, reserved 1114112K
  class space    used 6789K, committed 7296K, reserved 1048576K
}
Event: 43.221 GC heap before
{Heap before GC invocations=401 (full 3):
 PSYoungGen      total 5120K, used 3466K [0x00000000eab00000, 0x00000000eb200000, 0x0000000100000000)
  eden space 3072K, 63% used [0x00000000eab00000,0x00000000eacea7f8,0x00000000eae00000)
  from space 2048K, 73% used [0x00000000eae00000,0x00000000eaf78020,0x00000000eb000000)
  to   space 2048K, 0% used [0x00000000eb000000,0x00000000eb000000,0x00000000eb200000)
 ParOldGen       total 415232K, used 414887K [0x00000000c0000000, 0x00000000d9580000, 0x00000000eab00000)
  object space 415232K, 99% used [0x00000000c0000000,0x00000000d9529cc8,0x00000000d9580000)
 Metaspace       used 64208K, committed 65472K, reserved 1114112K
  class space    used 6789K, committed 7296K, reserved 1048576K
}
Event: 43.225 GC heap after
{Heap after GC invocations=401 (full 3):
 PSYoungGen      total 4608K, used 1993K [0x00000000eab00000, 0x00000000eb400000, 0x0000000100000000)
  eden space 2560K, 0% used [0x00000000eab00000,0x00000000eab00000,0x00000000ead80000)
  from space 2048K, 97% used [0x00000000eb000000,0x00000000eb1f2780,0x00000000eb200000)
  to   space 2560K, 0% used [0x00000000ead80000,0x00000000ead80000,0x00000000eb000000)
 ParOldGen       total 416256K, used 416191K [0x00000000c0000000, 0x00000000d9680000, 0x00000000eab00000)
  object space 416256K, 99% used [0x00000000c0000000,0x00000000d966fcf8,0x00000000d9680000)
 Metaspace       used 64208K, committed 65472K, reserved 1114112K
  class space    used 6789K, committed 7296K, reserved 1048576K
}
Event: 43.306 GC heap before
{Heap before GC invocations=402 (full 3):
 PSYoungGen      total 4608K, used 4543K [0x00000000eab00000, 0x00000000eb400000, 0x0000000100000000)
  eden space 2560K, 99% used [0x00000000eab00000,0x00000000ead7d600,0x00000000ead80000)
  from space 2048K, 97% used [0x00000000eb000000,0x00000000eb1f2780,0x00000000eb200000)
  to   space 2560K, 0% used [0x00000000ead80000,0x00000000ead80000,0x00000000eb000000)
 ParOldGen       total 417792K, used 417513K [0x00000000c0000000, 0x00000000d9800000, 0x00000000eab00000)
  object space 417792K, 99% used [0x00000000c0000000,0x00000000d97ba478,0x00000000d9800000)
 Metaspace       used 64234K, committed 65536K, reserved 1114112K
  class space    used 6792K, committed 7296K, reserved 1048576K
}
Event: 43.310 GC heap after
{Heap after GC invocations=402 (full 3):
 PSYoungGen      total 4096K, used 1079K [0x00000000eab00000, 0x00000000eb080000, 0x0000000100000000)
  eden space 2560K, 0% used [0x00000000eab00000,0x00000000eab00000,0x00000000ead80000)
  from space 1536K, 70% used [0x00000000ead80000,0x00000000eae8ded0,0x00000000eaf00000)
  to   space 1536K, 0% used [0x00000000eaf00000,0x00000000eaf00000,0x00000000eb080000)
 ParOldGen       total 419840K, used 419418K [0x00000000c0000000, 0x00000000d9a00000, 0x00000000eab00000)
  object space 419840K, 99% used [0x00000000c0000000,0x00000000d9996bf8,0x00000000d9a00000)
 Metaspace       used 64234K, committed 65536K, reserved 1114112K
  class space    used 6792K, committed 7296K, reserved 1048576K
}

