# JRE version: OpenJDK Runtime Environment Temurin-21.0.6+7 (21.0.6+7) (build 21.0.6+7-LTS)
# Java VM: OpenJDK 64-Bit Server VM Temurin-21.0.6+7 (21.0.6+7-LTS, mixed mode, sharing, tiered, compressed oops, compressed class ptrs, parallel gc, windows-amd64)
GC Precious Log:
 CardTable entry size: 512
 CPUs: 12 total, 12 available
 Memory: 7583M
 Large Page Support: Disabled
 NUMA Support: Disabled
 Compressed Oops: Enabled (32-bit)
 Alignments: Space 512K, Generation 512K, Heap 2M
 Heap Min Capacity: 100M
 Heap Initial Capacity: 100M
 Heap Max Capacity: 1G
 Pre-touch: Disabled
 Parallel Workers: 10
Heap:
 PSYoungGen      total 3072K, used 667K [0x00000000eab00000, 0x00000000eaf80000, 0x0000000100000000)
  eden space 2560K, 9% used [0x00000000eab00000,0x00000000eab3ad30,0x00000000ead80000)
  from space 512K, 84% used [0x00000000eaf00000,0x00000000eaf6c010,0x00000000eaf80000)
  to   space 512K, 0% used [0x00000000eae80000,0x00000000eae80000,0x00000000eaf00000)
 ParOldGen       total 573952K, used 573769K [0x00000000c0000000, 0x00000000e3080000, 0x00000000eab00000)
  object space 573952K, 99% used [0x00000000c0000000,0x00000000e3052748,0x00000000e3080000)
 Metaspace       used 78238K, committed 79936K, reserved 1179648K
  class space    used 7762K, committed 8512K, reserved 1048576K
GC Heap History (20 events):
Event: 873.063 GC heap before
{Heap before GC invocations=1957 (full 4):
 PSYoungGen      total 3072K, used 2943K [0x00000000eab00000, 0x00000000eaf80000, 0x0000000100000000)
  eden space 2560K, 99% used [0x00000000eab00000,0x00000000ead7ffd8,0x00000000ead80000)
  from space 512K, 75% used [0x00000000eaf00000,0x00000000eaf60000,0x00000000eaf80000)
  to   space 512K, 0% used [0x00000000eae80000,0x00000000eae80000,0x00000000eaf00000)
 ParOldGen       total 572928K, used 572895K [0x00000000c0000000, 0x00000000e2f80000, 0x00000000eab00000)
  object space 572928K, 99% used [0x00000000c0000000,0x00000000e2f77e28,0x00000000e2f80000)
 Metaspace       used 78229K, committed 79936K, reserved 1179648K
  class space    used 7761K, committed 8512K, reserved 1048576K
}
Event: 873.066 GC heap after
{Heap after GC invocations=1957 (full 4):
 PSYoungGen      total 3072K, used 224K [0x00000000eab00000, 0x00000000eaf80000, 0x0000000100000000)
  eden space 2560K, 0% used [0x00000000eab00000,0x00000000eab00000,0x00000000ead80000)
  from space 512K, 43% used [0x00000000eae80000,0x00000000eaeb8000,0x00000000eaf00000)
  to   space 512K, 0% used [0x00000000eaf00000,0x00000000eaf00000,0x00000000eaf80000)
 ParOldGen       total 572928K, used 572927K [0x00000000c0000000, 0x00000000e2f80000, 0x00000000eab00000)
  object space 572928K, 99% used [0x00000000c0000000,0x00000000e2f7fe28,0x00000000e2f80000)
 Metaspace       used 78229K, committed 79936K, reserved 1179648K
  class space    used 7761K, committed 8512K, reserved 1048576K
}
Event: 873.539 GC heap before
{Heap before GC invocations=1958 (full 4):
 PSYoungGen      total 3072K, used 2778K [0x00000000eab00000, 0x00000000eaf80000, 0x0000000100000000)
  eden space 2560K, 99% used [0x00000000eab00000,0x00000000ead7ea78,0x00000000ead80000)
  from space 512K, 43% used [0x00000000eae80000,0x00000000eaeb8000,0x00000000eaf00000)
  to   space 512K, 0% used [0x00000000eaf00000,0x00000000eaf00000,0x00000000eaf80000)
 ParOldGen       total 572928K, used 572927K [0x00000000c0000000, 0x00000000e2f80000, 0x00000000eab00000)
  object space 572928K, 99% used [0x00000000c0000000,0x00000000e2f7fe28,0x00000000e2f80000)
 Metaspace       used 78230K, committed 79936K, reserved 1179648K
  class space    used 7761K, committed 8512K, reserved 1048576K
}
Event: 873.543 GC heap after
{Heap after GC invocations=1958 (full 4):
 PSYoungGen      total 3072K, used 400K [0x00000000eab00000, 0x00000000eaf80000, 0x0000000100000000)
  eden space 2560K, 0% used [0x00000000eab00000,0x00000000eab00000,0x00000000ead80000)
  from space 512K, 78% used [0x00000000eaf00000,0x00000000eaf64010,0x00000000eaf80000)
  to   space 512K, 0% used [0x00000000eae80000,0x00000000eae80000,0x00000000eaf00000)
 ParOldGen       total 573440K, used 572935K [0x00000000c0000000, 0x00000000e3000000, 0x00000000eab00000)
  object space 573440K, 99% used [0x00000000c0000000,0x00000000e2f81e28,0x00000000e3000000)
 Metaspace       used 78230K, committed 79936K, reserved 1179648K
  class space    used 7761K, committed 8512K, reserved 1048576K
}
Event: 873.698 GC heap before
{Heap before GC invocations=1959 (full 4):
 PSYoungGen      total 3072K, used 2960K [0x00000000eab00000, 0x00000000eaf80000, 0x0000000100000000)
  eden space 2560K, 100% used [0x00000000eab00000,0x00000000ead80000,0x00000000ead80000)
  from space 512K, 78% used [0x00000000eaf00000,0x00000000eaf64010,0x00000000eaf80000)
  to   space 512K, 0% used [0x00000000eae80000,0x00000000eae80000,0x00000000eaf00000)
 ParOldGen       total 573440K, used 572935K [0x00000000c0000000, 0x00000000e3000000, 0x00000000eab00000)
  object space 573440K, 99% used [0x00000000c0000000,0x00000000e2f81e28,0x00000000e3000000)
 Metaspace       used 78230K, committed 79936K, reserved 1179648K
  class space    used 7761K, committed 8512K, reserved 1048576K
}
Event: 873.701 GC heap after
{Heap after GC invocations=1959 (full 4):
 PSYoungGen      total 3072K, used 320K [0x00000000eab00000, 0x00000000eaf80000, 0x0000000100000000)
  eden space 2560K, 0% used [0x00000000eab00000,0x00000000eab00000,0x00000000ead80000)
  from space 512K, 62% used [0x00000000eae80000,0x00000000eaed0000,0x00000000eaf00000)
  to   space 512K, 0% used [0x00000000eaf00000,0x00000000eaf00000,0x00000000eaf80000)
 ParOldGen       total 573440K, used 573284K [0x00000000c0000000, 0x00000000e3000000, 0x00000000eab00000)
  object space 573440K, 99% used [0x00000000c0000000,0x00000000e2fd92b8,0x00000000e3000000)
 Metaspace       used 78230K, committed 79936K, reserved 1179648K
  class space    used 7761K, committed 8512K, reserved 1048576K
}
Event: 873.838 GC heap before
{Heap before GC invocations=1960 (full 4):
 PSYoungGen      total 3072K, used 2880K [0x00000000eab00000, 0x00000000eaf80000, 0x0000000100000000)
  eden space 2560K, 100% used [0x00000000eab00000,0x00000000ead80000,0x00000000ead80000)
  from space 512K, 62% used [0x00000000eae80000,0x00000000eaed0000,0x00000000eaf00000)
  to   space 512K, 0% used [0x00000000eaf00000,0x00000000eaf00000,0x00000000eaf80000)
 ParOldGen       total 573440K, used 573284K [0x00000000c0000000, 0x00000000e3000000, 0x00000000eab00000)
  object space 573440K, 99% used [0x00000000c0000000,0x00000000e2fd92b8,0x00000000e3000000)
 Metaspace       used 78230K, committed 79936K, reserved 1179648K
  class space    used 7761K, committed 8512K, reserved 1048576K
}
Event: 873.841 GC heap after
{Heap after GC invocations=1960 (full 4):
 PSYoungGen      total 3072K, used 224K [0x00000000eab00000, 0x00000000eaf80000, 0x0000000100000000)
  eden space 2560K, 0% used [0x00000000eab00000,0x00000000eab00000,0x00000000ead80000)
  from space 512K, 43% used [0x00000000eaf00000,0x00000000eaf38000,0x00000000eaf80000)
  to   space 512K, 0% used [0x00000000eae80000,0x00000000eae80000,0x00000000eaf00000)
 ParOldGen       total 573440K, used 573308K [0x00000000c0000000, 0x00000000e3000000, 0x00000000eab00000)
  object space 573440K, 99% used [0x00000000c0000000,0x00000000e2fdf2b8,0x00000000e3000000)
 Metaspace       used 78230K, committed 79936K, reserved 1179648K
  class space    used 7761K, committed 8512K, reserved 1048576K
}
Event: 874.737 GC heap before
{Heap before GC invocations=1961 (full 4):
 PSYoungGen      total 3072K, used 2784K [0x00000000eab00000, 0x00000000eaf80000, 0x0000000100000000)
  eden space 2560K, 100% used [0x00000000eab00000,0x00000000ead80000,0x00000000ead80000)
  from space 512K, 43% used [0x00000000eaf00000,0x00000000eaf38000,0x00000000eaf80000)
  to   space 512K, 0% used [0x00000000eae80000,0x00000000eae80000,0x00000000eaf00000)
 ParOldGen       total 573440K, used 573308K [0x00000000c0000000, 0x00000000e3000000, 0x00000000eab00000)
  object space 573440K, 99% used [0x00000000c0000000,0x00000000e2fdf2b8,0x00000000e3000000)
 Metaspace       used 78234K, committed 79936K, reserved 1179648K
  class space    used 7762K, committed 8512K, reserved 1048576K
}
Event: 874.739 GC heap after
{Heap after GC invocations=1961 (full 4):
 PSYoungGen      total 3072K, used 480K [0x00000000eab00000, 0x00000000eaf80000, 0x0000000100000000)
  eden space 2560K, 0% used [0x00000000eab00000,0x00000000eab00000,0x00000000ead80000)
  from space 512K, 93% used [0x00000000eae80000,0x00000000eaef8000,0x00000000eaf00000)
  to   space 512K, 0% used [0x00000000eaf00000,0x00000000eaf00000,0x00000000eaf80000)
 ParOldGen       total 573440K, used 573308K [0x00000000c0000000, 0x00000000e3000000, 0x00000000eab00000)
  object space 573440K, 99% used [0x00000000c0000000,0x00000000e2fdf2b8,0x00000000e3000000)
 Metaspace       used 78234K, committed 79936K, reserved 1179648K
  class space    used 7762K, committed 8512K, reserved 1048576K
}
Event: 874.897 GC heap before
{Heap before GC invocations=1962 (full 4):
 PSYoungGen      total 3072K, used 3040K [0x00000000eab00000, 0x00000000eaf80000, 0x0000000100000000)
  eden space 2560K, 100% used [0x00000000eab00000,0x00000000ead80000,0x00000000ead80000)
  from space 512K, 93% used [0x00000000eae80000,0x00000000eaef8000,0x00000000eaf00000)
  to   space 512K, 0% used [0x00000000eaf00000,0x00000000eaf00000,0x00000000eaf80000)
 ParOldGen       total 573440K, used 573308K [0x00000000c0000000, 0x00000000e3000000, 0x00000000eab00000)
  object space 573440K, 99% used [0x00000000c0000000,0x00000000e2fdf2b8,0x00000000e3000000)
 Metaspace       used 78235K, committed 79936K, reserved 1179648K
  class space    used 7762K, committed 8512K, reserved 1048576K
}
Event: 874.900 GC heap after
{Heap after GC invocations=1962 (full 4):
 PSYoungGen      total 3072K, used 352K [0x00000000eab00000, 0x00000000eaf80000, 0x0000000100000000)
  eden space 2560K, 0% used [0x00000000eab00000,0x00000000eab00000,0x00000000ead80000)
  from space 512K, 68% used [0x00000000eaf00000,0x00000000eaf58000,0x00000000eaf80000)
  to   space 512K, 0% used [0x00000000eae80000,0x00000000eae80000,0x00000000eaf00000)
 ParOldGen       total 573952K, used 573641K [0x00000000c0000000, 0x00000000e3080000, 0x00000000eab00000)
  object space 573952K, 99% used [0x00000000c0000000,0x00000000e3032748,0x00000000e3080000)
 Metaspace       used 78235K, committed 79936K, reserved 1179648K
  class space    used 7762K, committed 8512K, reserved 1048576K
}
Event: 875.034 GC heap before
{Heap before GC invocations=1963 (full 4):
 PSYoungGen      total 3072K, used 2911K [0x00000000eab00000, 0x00000000eaf80000, 0x0000000100000000)
  eden space 2560K, 99% used [0x00000000eab00000,0x00000000ead7fe38,0x00000000ead80000)
  from space 512K, 68% used [0x00000000eaf00000,0x00000000eaf58000,0x00000000eaf80000)
  to   space 512K, 0% used [0x00000000eae80000,0x00000000eae80000,0x00000000eaf00000)
 ParOldGen       total 573952K, used 573641K [0x00000000c0000000, 0x00000000e3080000, 0x00000000eab00000)
  object space 573952K, 99% used [0x00000000c0000000,0x00000000e3032748,0x00000000e3080000)
 Metaspace       used 78236K, committed 79936K, reserved 1179648K
  class space    used 7762K, committed 8512K, reserved 1048576K
}
Event: 875.037 GC heap after
{Heap after GC invocations=1963 (full 4):
 PSYoungGen      total 3072K, used 288K [0x00000000eab00000, 0x00000000eaf80000, 0x0000000100000000)
  eden space 2560K, 0% used [0x00000000eab00000,0x00000000eab00000,0x00000000ead80000)
  from space 512K, 56% used [0x00000000eae80000,0x00000000eaec8000,0x00000000eaf00000)
  to   space 512K, 0% used [0x00000000eaf00000,0x00000000eaf00000,0x00000000eaf80000)
 ParOldGen       total 573952K, used 573641K [0x00000000c0000000, 0x00000000e3080000, 0x00000000eab00000)
  object space 573952K, 99% used [0x00000000c0000000,0x00000000e3032748,0x00000000e3080000)
 Metaspace       used 78236K, committed 79936K, reserved 1179648K
  class space    used 7762K, committed 8512K, reserved 1048576K
}
Event: 876.489 GC heap before
{Heap before GC invocations=1964 (full 4):
 PSYoungGen      total 3072K, used 2843K [0x00000000eab00000, 0x00000000eaf80000, 0x0000000100000000)
  eden space 2560K, 99% used [0x00000000eab00000,0x00000000ead7ef00,0x00000000ead80000)
  from space 512K, 56% used [0x00000000eae80000,0x00000000eaec8000,0x00000000eaf00000)
  to   space 512K, 0% used [0x00000000eaf00000,0x00000000eaf00000,0x00000000eaf80000)
 ParOldGen       total 573952K, used 573641K [0x00000000c0000000, 0x00000000e3080000, 0x00000000eab00000)
  object space 573952K, 99% used [0x00000000c0000000,0x00000000e3032748,0x00000000e3080000)
 Metaspace       used 78238K, committed 79936K, reserved 1179648K
  class space    used 7762K, committed 8512K, reserved 1048576K
}
Event: 876.493 GC heap after
{Heap after GC invocations=1964 (full 4):
 PSYoungGen      total 3072K, used 496K [0x00000000eab00000, 0x00000000eaf80000, 0x0000000100000000)
  eden space 2560K, 0% used [0x00000000eab00000,0x00000000eab00000,0x00000000ead80000)
  from space 512K, 96% used [0x00000000eaf00000,0x00000000eaf7c010,0x00000000eaf80000)
  to   space 1024K, 0% used [0x00000000ead80000,0x00000000ead80000,0x00000000eae80000)
 ParOldGen       total 573952K, used 573665K [0x00000000c0000000, 0x00000000e3080000, 0x00000000eab00000)
  object space 573952K, 99% used [0x00000000c0000000,0x00000000e3038748,0x00000000e3080000)
 Metaspace       used 78238K, committed 79936K, reserved 1179648K
  class space    used 7762K, committed 8512K, reserved 1048576K
}
Event: 876.618 GC heap before
{Heap before GC invocations=1965 (full 4):
 PSYoungGen      total 3072K, used 3056K [0x00000000eab00000, 0x00000000eaf80000, 0x0000000100000000)
  eden space 2560K, 100% used [0x00000000eab00000,0x00000000ead80000,0x00000000ead80000)
  from space 512K, 96% used [0x00000000eaf00000,0x00000000eaf7c010,0x00000000eaf80000)
  to   space 1024K, 0% used [0x00000000ead80000,0x00000000ead80000,0x00000000eae80000)
 ParOldGen       total 573952K, used 573665K [0x00000000c0000000, 0x00000000e3080000, 0x00000000eab00000)
  object space 573952K, 99% used [0x00000000c0000000,0x00000000e3038748,0x00000000e3080000)
 Metaspace       used 78238K, committed 79936K, reserved 1179648K
  class space    used 7762K, committed 8512K, reserved 1048576K
}
Event: 876.622 GC heap after
{Heap after GC invocations=1965 (full 4):
 PSYoungGen      total 3584K, used 496K [0x00000000eab00000, 0x00000000eaf80000, 0x0000000100000000)
  eden space 2560K, 0% used [0x00000000eab00000,0x00000000eab00000,0x00000000ead80000)
  from space 1024K, 48% used [0x00000000ead80000,0x00000000eadfc010,0x00000000eae80000)
  to   space 512K, 0% used [0x00000000eaf00000,0x00000000eaf00000,0x00000000eaf80000)
 ParOldGen       total 573952K, used 573769K [0x00000000c0000000, 0x00000000e3080000, 0x00000000eab00000)
  object space 573952K, 99% used [0x00000000c0000000,0x00000000e3052748,0x00000000e3080000)
 Metaspace       used 78238K, committed 79936K, reserved 1179648K
  class space    used 7762K, committed 8512K, reserved 1048576K
}
Event: 878.022 GC heap before
{Heap before GC invocations=1966 (full 4):
 PSYoungGen      total 3584K, used 3056K [0x00000000eab00000, 0x00000000eaf80000, 0x0000000100000000)
  eden space 2560K, 100% used [0x00000000eab00000,0x00000000ead80000,0x00000000ead80000)
  from space 1024K, 48% used [0x00000000ead80000,0x00000000eadfc010,0x00000000eae80000)
  to   space 512K, 0% used [0x00000000eaf00000,0x00000000eaf00000,0x00000000eaf80000)
 ParOldGen       total 573952K, used 573769K [0x00000000c0000000, 0x00000000e3080000, 0x00000000eab00000)
  object space 573952K, 99% used [0x00000000c0000000,0x00000000e3052748,0x00000000e3080000)
 Metaspace       used 78238K, committed 79936K, reserved 1179648K
  class space    used 7762K, committed 8512K, reserved 1048576K
}
Event: 878.026 GC heap after
{Heap after GC invocations=1966 (full 4):
 PSYoungGen      total 3072K, used 432K [0x00000000eab00000, 0x00000000eaf80000, 0x0000000100000000)
  eden space 2560K, 0% used [0x00000000eab00000,0x00000000eab00000,0x00000000ead80000)
  from space 512K, 84% used [0x00000000eaf00000,0x00000000eaf6c010,0x00000000eaf80000)
  to   space 512K, 0% used [0x00000000eae80000,0x00000000eae80000,0x00000000eaf00000)
 ParOldGen       total 573952K, used 573769K [0x00000000c0000000, 0x00000000e3080000, 0x00000000eab00000)
  object space 573952K, 99% used [0x00000000c0000000,0x00000000e3052748,0x00000000e3080000)
 Metaspace       used 78238K, committed 79936K, reserved 1179648K
  class space    used 7762K, committed 8512K, reserved 1048576K
}

